Build started 19/07/2014 2:19:42 PM.
     1>Project "D:\Tài Liệu Lập Trình - Đặng Bình Phương\Bài giảng tự soạn\Giới thiệu về thư viện STL\Vector\Vector\Project 2\Project 2.vcxproj" on node 4 (build target(s)).
     1>InitializeBuildStatus:
         Creating "Debug\Project 2.unsuccessfulbuild" because "AlwaysCreate" was specified.
       ClCompile:
         All outputs are up-to-date.
       ManifestResourceCompile:
         All outputs are up-to-date.
       Link:
         c:\Program Files\Microsoft Visual Studio 10.0\VC\bin\link.exe /ERRORREPORT:PROMPT /OUT:"D:\Tài Liệu Lập Trình - Đặng Bình Phương\Bài giảng tự soạn\Giới thiệu về thư viện STL\Vector\Vector\Debug\Project 2.exe" /INCREMENTAL /NOLOGO kernel32.lib user32.lib gdi32.lib winspool.lib comdlg32.lib advapi32.lib shell32.lib ole32.lib oleaut32.lib uuid.lib odbc32.lib odbccp32.lib /MANIFEST /ManifestFile:"Debug\Project 2.exe.intermediate.manifest" /MANIFESTUAC:"level='asInvoker' uiAccess='false'" /DEBUG /PDB:"D:\Tài Liệu Lập Trình - Đặng Bình Phương\Bài giảng tự soạn\Giới thiệu về thư viện STL\Vector\Vector\Debug\Project 2.pdb" /SUBSYSTEM:CONSOLE /TLBID:1 /DYNAMICBASE /NXCOMPAT /IMPLIB:"D:\Tài Liệu Lập Trình - Đặng Bình Phương\Bài giảng tự soạn\Giới thiệu về thư viện STL\Vector\Vector\Debug\Project 2.lib" /MACHINE:X86 "Debug\Project 2.exe.embed.manifest.res"
         Debug\main.obj
       Manifest:
         c:\Program Files\Microsoft SDKs\Windows\v7.0A\bin\mt.exe /nologo /verbose /out:"Debug\Project 2.exe.embed.manifest" /manifest "Debug\Project 2.exe.intermediate.manifest"
         All outputs are up-to-date.
       LinkEmbedManifest:
         All outputs are up-to-date.
         Project 2.vcxproj -> D:\Tài Liệu Lập Trình - Đặng Bình Phương\Bài giảng tự soạn\Giới thiệu về thư viện STL\Vector\Vector\Debug\Project 2.exe
       FinalizeBuildStatus:
         Deleting file "Debug\Project 2.unsuccessfulbuild".
         Touching "Debug\Project 2.lastbuildstate".
     1>Done Building Project "D:\Tài Liệu Lập Trình - Đặng Bình Phương\Bài giảng tự soạn\Giới thiệu về thư viện STL\Vector\Vector\Project 2\Project 2.vcxproj" (build target(s)).

Build succeeded.

Time Elapsed 00:00:04.74
