Build started 20/07/2014 2:21:52 AM.
     1>Project "D:\Tài Liệu Lập Trình - Đặng Bình Phương\Bài giảng tự soạn\Giới thiệu về thư viện STL\Vector\Vector\Project 5\Project 5.vcxproj" on node 2 (build target(s)).
     1>InitializeBuildStatus:
         Creating "Debug\Project 5.unsuccessfulbuild" because "AlwaysCreate" was specified.
       ClCompile:
         c:\Program Files\Microsoft Visual Studio 10.0\VC\bin\CL.exe /c /ZI /nologo /W3 /WX- /Od /Oy- /D WIN32 /D _DEBUG /D _CONSOLE /D _UNICODE /D UNICODE /Gm /EHsc /RTC1 /MDd /GS /fp:precise /Zc:wchar_t /Zc:forScope /Fo"Debug\\" /Fd"Debug\vc100.pdb" /Gd /TP /analyze- /errorReport:prompt main.cpp
         main.cpp
       ManifestResourceCompile:
         All outputs are up-to-date.
       Link:
         c:\Program Files\Microsoft Visual Studio 10.0\VC\bin\link.exe /ERRORREPORT:PROMPT /OUT:"D:\Tài Liệu Lập Trình - Đặng Bình Phương\Bài giảng tự soạn\Giới thiệu về thư viện STL\Vector\Vector\Debug\Project 5.exe" /INCREMENTAL /NOLOGO kernel32.lib user32.lib gdi32.lib winspool.lib comdlg32.lib advapi32.lib shell32.lib ole32.lib oleaut32.lib uuid.lib odbc32.lib odbccp32.lib /MANIFEST /ManifestFile:"Debug\Project 5.exe.intermediate.manifest" /MANIFESTUAC:"level='asInvoker' uiAccess='false'" /DEBUG /PDB:"D:\Tài Liệu Lập Trình - Đặng Bình Phương\Bài giảng tự soạn\Giới thiệu về thư viện STL\Vector\Vector\Debug\Project 5.pdb" /SUBSYSTEM:CONSOLE /TLBID:1 /DYNAMICBASE /NXCOMPAT /IMPLIB:"D:\Tài Liệu Lập Trình - Đặng Bình Phương\Bài giảng tự soạn\Giới thiệu về thư viện STL\Vector\Vector\Debug\Project 5.lib" /MACHINE:X86 "Debug\Project 5.exe.embed.manifest.res"
         Debug\main.obj
       Manifest:
         c:\Program Files\Microsoft SDKs\Windows\v7.0A\bin\mt.exe /nologo /verbose /out:"Debug\Project 5.exe.embed.manifest" /manifest "Debug\Project 5.exe.intermediate.manifest"
         All outputs are up-to-date.
       LinkEmbedManifest:
         All outputs are up-to-date.
         Project 5.vcxproj -> D:\Tài Liệu Lập Trình - Đặng Bình Phương\Bài giảng tự soạn\Giới thiệu về thư viện STL\Vector\Vector\Debug\Project 5.exe
       FinalizeBuildStatus:
         Deleting file "Debug\Project 5.unsuccessfulbuild".
         Touching "Debug\Project 5.lastbuildstate".
     1>Done Building Project "D:\Tài Liệu Lập Trình - Đặng Bình Phương\Bài giảng tự soạn\Giới thiệu về thư viện STL\Vector\Vector\Project 5\Project 5.vcxproj" (build target(s)).

Build succeeded.

Time Elapsed 00:00:02.96
